<?xml version="1.0" encoding="utf-8"?>
<testsuite package="org.spotbugs" time="0" tests="0" errors="0" name="findbugs">
</testsuite>