<?xml version="1.0" encoding="utf-8"?>
<testsuite package="org.checkstyle" time="0" tests="65" errors="0" name="checkstyle">
<testcase time="0" name="cookbook/controller/StepDaoImpl.java" classname="CheckStyle Issues">
</testcase><testcase time="0" name="cookbook/controller/CommentDao.java" classname="CheckStyle Issues">
</testcase><testcase time="0" name="cookbook/controller/UserDao.java" classname="CheckStyle Issues">
</testcase><testcase time="0" name="cookbook/controller/BaseSearchBy.java" classname="CheckStyle Issues">
</testcase><testcase time="0" name="cookbook/controller/BaseDaoImpl.java" classname="CheckStyle Issues">
</testcase><testcase time="0" name="cookbook/controller/IngredientDaoImpl.java" classname="CheckStyle Issues">
</testcase><testcase time="0" name="cookbook/controller/DbConnection.java" classname="CheckStyle Issues">
</testcase><testcase time="0" name="cookbook/controller/SearchByTag.java" classname="CheckStyle Issues">
</testcase><testcase time="0" name="cookbook/controller/EnumSearch.java" classname="CheckStyle Issues">
</testcase><testcase time="0" name="cookbook/controller/SearchBy.java" classname="CheckStyle Issues">
</testcase><testcase time="0" name="cookbook/controller/SearchByIngredient.java" classname="CheckStyle Issues">
</testcase><testcase time="0" name="cookbook/controller/TagDao.java" classname="CheckStyle Issues">
</testcase><testcase time="0" name="cookbook/controller/CommentDaoImpl.java" classname="CheckStyle Issues">
</testcase><testcase time="0" name="cookbook/controller/MessageFeedback.java" classname="CheckStyle Issues">
</testcase><testcase time="0" name="cookbook/controller/RecipeDao.java" classname="CheckStyle Issues">
</testcase><testcase time="0" name="cookbook/controller/RecipeDaoImpl.java" classname="CheckStyle Issues">
</testcase><testcase time="0" name="cookbook/controller/IngredientDao.java" classname="CheckStyle Issues">
</testcase><testcase time="0" name="cookbook/controller/UserDaoImpl.java" classname="CheckStyle Issues">
</testcase><testcase time="0" name="cookbook/controller/TagDaoImpl.java" classname="CheckStyle Issues">
</testcase><testcase time="0" name="cookbook/controller/SearchByName.java" classname="CheckStyle Issues">
</testcase><testcase time="0" name="cookbook/controller/StepDao.java" classname="CheckStyle Issues">
</testcase><testcase time="0" name="cookbook/viewer/DeleteableTagBox.java" classname="CheckStyle Issues">
</testcase><testcase time="0" name="cookbook/viewer/CookBookToolBar.java" classname="CheckStyle Issues">
</testcase><testcase time="0" name="cookbook/viewer/StepTableView.java" classname="CheckStyle Issues">
</testcase><testcase time="0" name="cookbook/viewer/MainViewPane.java" classname="CheckStyle Issues">
</testcase><testcase time="0" name="cookbook/viewer/AdvancedSearchComponent.java" classname="CheckStyle Issues">
</testcase><testcase time="0" name="cookbook/viewer/ColorPickingCell.java" classname="CheckStyle Issues">
</testcase><testcase time="0" name="cookbook/viewer/TagManagementTableView.java" classname="CheckStyle Issues">
</testcase><testcase time="0" name="cookbook/viewer/IngredientManagementTableView.java" classname="CheckStyle Issues">
</testcase><testcase time="0" name="cookbook/viewer/RecipesScrollPane.java" classname="CheckStyle Issues">
</testcase><testcase time="0" name="cookbook/viewer/IngredientTableView.java" classname="CheckStyle Issues">
</testcase><testcase time="0" name="cookbook/viewer/RecipeViewPane.java" classname="CheckStyle Issues">
</testcase><testcase time="0" name="cookbook/viewer/SearchComponent.java" classname="CheckStyle Issues">
</testcase><testcase time="0" name="cookbook/viewer/CommentListView.java" classname="CheckStyle Issues">
</testcase><testcase time="0" name="cookbook/viewer/ToastType.java" classname="CheckStyle Issues">
</testcase><testcase time="0" name="cookbook/viewer/ManageTagView.java" classname="CheckStyle Issues">
</testcase><testcase time="0" name="cookbook/viewer/LoadingViewPane.java" classname="CheckStyle Issues">
</testcase><testcase time="0" name="cookbook/viewer/CheckBoxSearch.java" classname="CheckStyle Issues">
</testcase><testcase time="0" name="cookbook/viewer/EditableCell.java" classname="CheckStyle Issues">
</testcase><testcase time="0" name="cookbook/viewer/MainViewInterface.java" classname="CheckStyle Issues">
</testcase><testcase time="0" name="cookbook/viewer/ManageIngredientView.java" classname="CheckStyle Issues">
</testcase><testcase time="0" name="cookbook/viewer/AdminUserControlView.java" classname="CheckStyle Issues">
</testcase><testcase time="0" name="cookbook/viewer/CreateRecipeView.java" classname="CheckStyle Issues">
</testcase><testcase time="0" name="cookbook/viewer/AlertInterface.java" classname="CheckStyle Issues">
</testcase><testcase time="0" name="cookbook/viewer/AdminViewPane.java" classname="CheckStyle Issues">
</testcase><testcase time="0" name="cookbook/viewer/SearchableComboBox.java" classname="CheckStyle Issues">
</testcase><testcase time="0" name="cookbook/viewer/ExpandableText.java" classname="CheckStyle Issues">
</testcase><testcase time="0" name="cookbook/viewer/DeleteableIngredientTableView.java" classname="CheckStyle Issues">
</testcase><testcase time="0" name="cookbook/viewer/TagPreviewCell.java" classname="CheckStyle Issues">
</testcase><testcase time="0" name="cookbook/viewer/Toast.java" classname="CheckStyle Issues">
</testcase><testcase time="0" name="cookbook/viewer/DisplayRecipePane.java" classname="CheckStyle Issues">
</testcase><testcase time="0" name="cookbook/viewer/LoginViewPane.java" classname="CheckStyle Issues">
</testcase><testcase time="0" name="cookbook/viewer/TagBox.java" classname="CheckStyle Issues">
</testcase><testcase time="0" name="cookbook/viewer/ButtonCell.java" classname="CheckStyle Issues">
</testcase><testcase time="0" name="cookbook/viewer/AlertPopup.java" classname="CheckStyle Issues">
</testcase><testcase time="0" name="cookbook/model/Unit.java" classname="CheckStyle Issues">
</testcase><testcase time="0" name="cookbook/model/Tag.java" classname="CheckStyle Issues">
</testcase><testcase time="0" name="cookbook/model/Ingredient.java" classname="CheckStyle Issues">
</testcase><testcase time="0" name="cookbook/model/ObservableStep.java" classname="CheckStyle Issues">
</testcase><testcase time="0" name="cookbook/model/User.java" classname="CheckStyle Issues">
</testcase><testcase time="0" name="cookbook/model/Comment.java" classname="CheckStyle Issues">
</testcase><testcase time="0" name="cookbook/model/ObservableIngredient.java" classname="CheckStyle Issues">
</testcase><testcase time="0" name="cookbook/model/Recipe.java" classname="CheckStyle Issues">
</testcase><testcase time="0" name="cookbook/model/Step.java" classname="CheckStyle Issues">
</testcase><testcase time="0" name="cookbook/App.java" classname="CheckStyle Issues">
</testcase></testsuite>